<?xml version="1.0" encoding="UTF-8"?>
<!-- Generated by org.testng.reporters.JUnitReportReporter -->
<testsuite hostname="MSI" failures="0" tests="6" name="testCases.TC_003_LoginDDT" time="66.346" errors="0" timestamp="2023-06-18T21:56:09 IST" skipped="0">
  <testcase classname="testCases.TC_003_LoginDDT" name="test_loginDDT" time="16.258"/>
  <system-out/>
  <testcase classname="testCases.TC_003_LoginDDT" name="test_loginDDT" time="15.723"/>
  <system-out/>
  <testcase classname="testCases.TC_003_LoginDDT" name="test_loginDDT" time="15.778"/>
  <system-out/>
  <testcase classname="testCases.TC_003_LoginDDT" name="test_loginDDT" time="1.359"/>
  <system-out/>
  <testcase classname="testCases.TC_003_LoginDDT" name="test_loginDDT" time="15.876"/>
  <system-out/>
  <testcase classname="testCases.TC_003_LoginDDT" name="test_loginDDT" time="1.352"/>
  <system-out/>
</testsuite> <!-- testCases.TC_003_LoginDDT -->
