<?xml version="1.0" encoding="UTF-8"?>
<!-- Generated by org.testng.reporters.JUnitReportReporter -->
<testsuite hostname="MSI" failures="0" tests="1" name="testCases.TC_001_AccountRegistrationTest" time="1.747" errors="0" timestamp="2023-06-15T13:07:42 IST" skipped="0">
  <testcase classname="testCases.TC_001_AccountRegistrationTest" name="test_account_Registration" time="1.747"/>
  <system-out/>
</testsuite> <!-- testCases.TC_001_AccountRegistrationTest -->
